


ARM Macro Assembler    Page 1 


    1 00000000         ;/******************************************************
                       ********************//**
    2 00000000         ; * @file     startup_ARMCM0.s
    3 00000000         ; * @brief    CMSIS Core Device Startup File for
    4 00000000         ; *           ARMCM0 Device Series
    5 00000000         ; * @version  V1.08
    6 00000000         ; * @date     23. November 2012
    7 00000000         ; *
    8 00000000         ; * @note
    9 00000000         ; *
   10 00000000         ; ******************************************************
                       ************************/
   11 00000000         ;/* Copyright (c) 2011 - 2012 ARM LIMITED
   12 00000000         ;
   13 00000000         ;   All rights reserved.
   14 00000000         ;   Redistribution and use in source and binary forms, w
                       ith or without
   15 00000000         ;   modification, are permitted provided that the follow
                       ing conditions are met:
   16 00000000         ;   - Redistributions of source code must retain the abo
                       ve copyright
   17 00000000         ;     notice, this list of conditions and the following 
                       disclaimer.
   18 00000000         ;   - Redistributions in binary form must reproduce the 
                       above copyright
   19 00000000         ;     notice, this list of conditions and the following 
                       disclaimer in the
   20 00000000         ;     documentation and/or other materials provided with
                        the distribution.
   21 00000000         ;   - Neither the name of ARM nor the names of its contr
                       ibutors may be used
   22 00000000         ;     to endorse or promote products derived from this s
                       oftware without
   23 00000000         ;     specific prior written permission.
   24 00000000         ;   *
   25 00000000         ;   THIS SOFTWARE IS PROVIDED BY THE COPYRIGHT HOLDERS A
                       ND CONTRIBUTORS "AS IS"
   26 00000000         ;   AND ANY EXPRESS OR IMPLIED WARRANTIES, INCLUDING, BU
                       T NOT LIMITED TO, THE
   27 00000000         ;   IMPLIED WARRANTIES OF MERCHANTABILITY AND FITNESS FO
                       R A PARTICULAR PURPOSE
   28 00000000         ;   ARE DISCLAIMED. IN NO EVENT SHALL COPYRIGHT HOLDERS 
                       AND CONTRIBUTORS BE
   29 00000000         ;   LIABLE FOR ANY DIRECT, INDIRECT, INCIDENTAL, SPECIAL
                       , EXEMPLARY, OR
   30 00000000         ;   CONSEQUENTIAL DAMAGES (INCLUDING, BUT NOT LIMITED TO
                       , PROCUREMENT OF
   31 00000000         ;   SUBSTITUTE GOODS OR SERVICES; LOSS OF USE, DATA, OR 
                       PROFITS; OR BUSINESS
   32 00000000         ;   INTERRUPTION) HOWEVER CAUSED AND ON ANY THEORY OF LI
                       ABILITY, WHETHER IN
   33 00000000         ;   CONTRACT, STRICT LIABILITY, OR TORT (INCLUDING NEGLI
                       GENCE OR OTHERWISE)
   34 00000000         ;   ARISING IN ANY WAY OUT OF THE USE OF THIS SOFTWARE, 
                       EVEN IF ADVISED OF THE
   35 00000000         ;   POSSIBILITY OF SUCH DAMAGE.
   36 00000000         ;   ----------------------------------------------------
                       -----------------------*/
   37 00000000         ;/*



ARM Macro Assembler    Page 2 


   38 00000000         ;//-------- <<< Use Configuration Wizard in Context Menu
                        >>> ------------------
   39 00000000         ;*/
   40 00000000         
   41 00000000         
   42 00000000         ; <h> Stack Configuration
   43 00000000         ;   <o> Stack Size (in Bytes) <0x0-0xFFFFFFFF:8>
   44 00000000         ; </h>
   45 00000000         
   46 00000000 00001000 
                       Stack_Size
                               EQU              0x00001000
   47 00000000         
   48 00000000                 AREA             STACK, NOINIT, READWRITE, ALIGN
=3
   49 00000000         Stack_Mem
                               SPACE            Stack_Size
   50 00001000         __initial_sp
   51 00001000         
   52 00001000         
   53 00001000         ; <h> Heap Configuration
   54 00001000         ;   <o>  Heap Size (in Bytes) <0x0-0xFFFFFFFF:8>
   55 00001000         ; </h>
   56 00001000         
   57 00001000 00002000 
                       Heap_Size
                               EQU              0x00002000
   58 00001000         
   59 00001000                 AREA             HEAP, NOINIT, READWRITE, ALIGN=
3
   60 00000000         __heap_base
   61 00000000         Heap_Mem
                               SPACE            Heap_Size
   62 00002000         __heap_limit
   63 00002000         
   64 00002000         
   65 00002000                 PRESERVE8
   66 00002000                 THUMB
   67 00002000         
   68 00002000         
   69 00002000         ; Vector Table Mapped to Address 0 at Reset
   70 00002000         
   71 00002000                 AREA             RESET, DATA, READONLY
   72 00000000                 EXPORT           __Vectors
   73 00000000                 EXPORT           __Vectors_End
   74 00000000                 EXPORT           __Vectors_Size
   75 00000000         
   76 00000000 00000000 
                       __Vectors
                               DCD              __initial_sp ; Top of Stack
   77 00000004 00000000        DCD              Reset_Handler ; Reset Handler
   78 00000008 00000000        DCD              NMI_Handler ; NMI Handler
   79 0000000C 00000000        DCD              HardFault_Handler ; Hard Fault 
                                                            Handler
   80 00000010 00000000        DCD              0           ; Reserved
   81 00000014 00000000        DCD              0           ; Reserved
   82 00000018 00000000        DCD              0           ; Reserved
   83 0000001C 00000000        DCD              0           ; Reserved
   84 00000020 00000000        DCD              0           ; Reserved



ARM Macro Assembler    Page 3 


   85 00000024 00000000        DCD              0           ; Reserved
   86 00000028 00000000        DCD              0           ; Reserved
   87 0000002C 00000000        DCD              SVC_Handler ; SVCall Handler
   88 00000030 00000000        DCD              0           ; Reserved
   89 00000034 00000000        DCD              0           ; Reserved
   90 00000038 00000000        DCD              PendSV_Handler ; PendSV Handler
                                                            
   91 0000003C 00000000        DCD              SysTick_Handler 
                                                            ; SysTick Handler
   92 00000040         
   93 00000040         ; External Interrupts
   94 00000040 00000000        DCD              External_Handler ;  0:  Watchdo
                                                            g Timer
   95 00000044 00000000        DCD              External_Handler ;  1:  Real Ti
                                                            me Clock
   96 00000048 00000000        DCD              External_Handler ;  2:  Timer0 
                                                            / Timer1
   97 0000004C 00000000        DCD              External_Handler ;  3:  Timer2 
                                                            / Timer3
   98 00000050 00000000        DCD              External_Handler ;  4:  MCIa
   99 00000054 00000000        DCD              External_Handler ;  5:  MCIb
  100 00000058 00000000        DCD              External_Handler ;  6:  UART0 -
                                                             DUT FPGA
  101 0000005C 00000000        DCD              External_Handler ;  7:  UART1 -
                                                             DUT FPGA
  102 00000060 00000000        DCD              External_Handler ;  8:  UART2 -
                                                             DUT FPGA
  103 00000064 00000000        DCD              External_Handler ;  9:  UART4 -
                                                             not connected
  104 00000068 00000000        DCD              External_Handler 
                                                            ; 10: AACI / AC97
  105 0000006C 00000000        DCD              External_Handler ; 11: CLCD Com
                                                            bined Interrupt
  106 00000070 00000000        DCD              External_Handler ; 12: Ethernet
                                                            
  107 00000074 00000000        DCD              External_Handler 
                                                            ; 13: USB Device
  108 00000078 00000000        DCD              External_Handler ; 14: USB Host
                                                             Controller
  109 0000007C 00000000        DCD              External_Handler 
                                                            ; 15: Character LCD
                                                            
  110 00000080 00000000        DCD              External_Handler ; 16: Flexray
  111 00000084 00000000        DCD              External_Handler ; 17: CAN
  112 00000088 00000000        DCD              External_Handler ; 18: LIN
  113 0000008C 00000000        DCD              External_Handler 
                                                            ; 19: I2C ADC/DAC
  114 00000090 00000000        DCD              External_Handler ; 20: Reserved
                                                            
  115 00000094 00000000        DCD              External_Handler ; 21: Reserved
                                                            
  116 00000098 00000000        DCD              External_Handler ; 22: Reserved
                                                            
  117 0000009C 00000000        DCD              External_Handler ; 23: Reserved
                                                            
  118 000000A0 00000000        DCD              External_Handler ; 24: Reserved
                                                            
  119 000000A4 00000000        DCD              External_Handler ; 25: Reserved
                                                            



ARM Macro Assembler    Page 4 


  120 000000A8 00000000        DCD              External_Handler ; 26: Reserved
                                                            
  121 000000AC 00000000        DCD              External_Handler ; 27: Reserved
                                                            
  122 000000B0         
  123 000000B0         __Vectors_End
  124 000000B0         
  125 000000B0 000000B0 
                       __Vectors_Size
                               EQU              __Vectors_End - __Vectors
  126 000000B0         
  127 000000B0                 AREA             |.text|, CODE, READONLY
  128 00000000         
  129 00000000         
  130 00000000         ; Reset Handler
  131 00000000         
  132 00000000         Reset_Handler
                               PROC
  133 00000000                 EXPORT           Reset_Handler             [WEAK
]
  134 00000000                 IMPORT           SystemInit
  135 00000000                 IMPORT           __main
  136 00000000                 IMPORT           clock_init
  137 00000000                 IMPORT           padmux_init
  138 00000000                 IMPORT           external_isr_init
  139 00000000         ;                LDR     R0, =clock_init
  140 00000000         ;                BLX     R0
  141 00000000         ;                LDR     R0, =padmux_init
  142 00000000         ;                BLX     R0
  143 00000000         ;                LDR     R0, =external_isr_init
  144 00000000         ;               BLX     R0
  145 00000000 4807            LDR              R0, =SystemInit
  146 00000002 4780            BLX              R0
  147 00000004 4807            LDR              R0, =__main
  148 00000006 4700            BX               R0
  149 00000008                 ENDP
  150 00000008         
  151 00000008         
  152 00000008         ; Dummy Exception Handlers (infinite loops which can be 
                       modified)
  153 00000008         
  154 00000008         NMI_Handler
                               PROC
  155 00000008                 EXPORT           NMI_Handler               [WEAK
]
  156 00000008 E7FE            B                .
  157 0000000A                 ENDP
  159 0000000A         HardFault_Handler
                               PROC
  160 0000000A                 EXPORT           HardFault_Handler         [WEAK
]
  161 0000000A E7FE            B                .
  162 0000000C                 ENDP
  163 0000000C         SVC_Handler
                               PROC
  164 0000000C                 EXPORT           SVC_Handler               [WEAK
]
  165 0000000C E7FE            B                .
  166 0000000E                 ENDP



ARM Macro Assembler    Page 5 


  167 0000000E         PendSV_Handler
                               PROC
  168 0000000E                 EXPORT           PendSV_Handler            [WEAK
]
  169 0000000E E7FE            B                .
  170 00000010                 ENDP
  171 00000010         SysTick_Handler
                               PROC
  172 00000010                 EXPORT           SysTick_Handler           [WEAK
]
  173 00000010 E7FE            B                .
  174 00000012                 ENDP
  175 00000012         
  176 00000012         
  177 00000012         
  178 00000012         External_Handler
                               PROC
  179 00000012                 EXPORT           External_Handler            [WE
AK]
  180 00000012 E7FE            B                .
  181 00000014                 ENDP
  182 00000014         
  183 00000014         
  184 00000014                 ALIGN
  185 00000014         
  186 00000014         
  187 00000014         ; User Initial Stack & Heap
  188 00000014         
  189 00000014                 IF               :DEF:__MICROLIB
  196 00000014         
  197 00000014                 IMPORT           __use_two_region_memory
  198 00000014                 EXPORT           __user_initial_stackheap
  199 00000014         
  200 00000014         __user_initial_stackheap
                               PROC
  201 00000014 4804            LDR              R0, =  Heap_Mem
  202 00000016 4905            LDR              R1, =(Stack_Mem + Stack_Size)
  203 00000018 4A05            LDR              R2, = (Heap_Mem +  Heap_Size)
  204 0000001A 4B06            LDR              R3, = Stack_Mem
  205 0000001C 4770            BX               LR
  206 0000001E                 ENDP
  207 0000001E         
  208 0000001E 00 00           ALIGN
  209 00000020         
  210 00000020                 ENDIF
  211 00000020         
  212 00000020         
  213 00000020                 END
              00000000 
              00000000 
              00000000 
              00001000 
              00002000 
              00000000 
Command Line: --debug --xref --diag_suppress=9931 --cpu=Cortex-M0 --apcs=interw
ork --depend=.\objects\startup_armcc_armcm0.d -o.\objects\startup_armcc_armcm0.
o -ID:\pointblank\pointblank\pointblank\W5500\RTE -IC:\Keil_v5\ARM\PACK\ARM\CMS
IS\5.3.0\Device\ARM\ARMCM0\Include -IC:\Keil_v5\ARM\CMSIS\Include --predefine="
__EVAL SETA 1" --predefine="__UVISION_VERSION SETA 517" --predefine="ARMCM0 SET



ARM Macro Assembler    Page 6 


A 1" --list=.\listings\startup_armcc_armcm0.lst cpu\src\startup_armcc_ARMCM0.s



ARM Macro Assembler    Page 1 Alphabetic symbol ordering
Relocatable symbols

STACK 00000000

Symbol: STACK
   Definitions
      At line 48 in file cpu\src\startup_armcc_ARMCM0.s
   Uses
      None
Comment: STACK unused
Stack_Mem 00000000

Symbol: Stack_Mem
   Definitions
      At line 49 in file cpu\src\startup_armcc_ARMCM0.s
   Uses
      At line 202 in file cpu\src\startup_armcc_ARMCM0.s
      At line 204 in file cpu\src\startup_armcc_ARMCM0.s

__initial_sp 00001000

Symbol: __initial_sp
   Definitions
      At line 50 in file cpu\src\startup_armcc_ARMCM0.s
   Uses
      At line 76 in file cpu\src\startup_armcc_ARMCM0.s
Comment: __initial_sp used once
3 symbols



ARM Macro Assembler    Page 1 Alphabetic symbol ordering
Relocatable symbols

HEAP 00000000

Symbol: HEAP
   Definitions
      At line 59 in file cpu\src\startup_armcc_ARMCM0.s
   Uses
      None
Comment: HEAP unused
Heap_Mem 00000000

Symbol: Heap_Mem
   Definitions
      At line 61 in file cpu\src\startup_armcc_ARMCM0.s
   Uses
      At line 201 in file cpu\src\startup_armcc_ARMCM0.s
      At line 203 in file cpu\src\startup_armcc_ARMCM0.s

__heap_base 00000000

Symbol: __heap_base
   Definitions
      At line 60 in file cpu\src\startup_armcc_ARMCM0.s
   Uses
      None
Comment: __heap_base unused
__heap_limit 00002000

Symbol: __heap_limit
   Definitions
      At line 62 in file cpu\src\startup_armcc_ARMCM0.s
   Uses
      None
Comment: __heap_limit unused
4 symbols



ARM Macro Assembler    Page 1 Alphabetic symbol ordering
Relocatable symbols

RESET 00000000

Symbol: RESET
   Definitions
      At line 71 in file cpu\src\startup_armcc_ARMCM0.s
   Uses
      None
Comment: RESET unused
__Vectors 00000000

Symbol: __Vectors
   Definitions
      At line 76 in file cpu\src\startup_armcc_ARMCM0.s
   Uses
      At line 72 in file cpu\src\startup_armcc_ARMCM0.s
      At line 125 in file cpu\src\startup_armcc_ARMCM0.s

__Vectors_End 000000B0

Symbol: __Vectors_End
   Definitions
      At line 123 in file cpu\src\startup_armcc_ARMCM0.s
   Uses
      At line 73 in file cpu\src\startup_armcc_ARMCM0.s
      At line 125 in file cpu\src\startup_armcc_ARMCM0.s

3 symbols



ARM Macro Assembler    Page 1 Alphabetic symbol ordering
Relocatable symbols

.text 00000000

Symbol: .text
   Definitions
      At line 127 in file cpu\src\startup_armcc_ARMCM0.s
   Uses
      None
Comment: .text unused
External_Handler 00000012

Symbol: External_Handler
   Definitions
      At line 178 in file cpu\src\startup_armcc_ARMCM0.s
   Uses
      At line 94 in file cpu\src\startup_armcc_ARMCM0.s
      At line 95 in file cpu\src\startup_armcc_ARMCM0.s
      At line 96 in file cpu\src\startup_armcc_ARMCM0.s
      At line 97 in file cpu\src\startup_armcc_ARMCM0.s
      At line 98 in file cpu\src\startup_armcc_ARMCM0.s
      At line 99 in file cpu\src\startup_armcc_ARMCM0.s
      At line 100 in file cpu\src\startup_armcc_ARMCM0.s
      At line 101 in file cpu\src\startup_armcc_ARMCM0.s
      At line 102 in file cpu\src\startup_armcc_ARMCM0.s
      At line 103 in file cpu\src\startup_armcc_ARMCM0.s
      At line 104 in file cpu\src\startup_armcc_ARMCM0.s
      At line 105 in file cpu\src\startup_armcc_ARMCM0.s
      At line 106 in file cpu\src\startup_armcc_ARMCM0.s
      At line 107 in file cpu\src\startup_armcc_ARMCM0.s
      At line 108 in file cpu\src\startup_armcc_ARMCM0.s
      At line 109 in file cpu\src\startup_armcc_ARMCM0.s
      At line 110 in file cpu\src\startup_armcc_ARMCM0.s
      At line 111 in file cpu\src\startup_armcc_ARMCM0.s
      At line 112 in file cpu\src\startup_armcc_ARMCM0.s
      At line 113 in file cpu\src\startup_armcc_ARMCM0.s
      At line 114 in file cpu\src\startup_armcc_ARMCM0.s
      At line 115 in file cpu\src\startup_armcc_ARMCM0.s
      At line 116 in file cpu\src\startup_armcc_ARMCM0.s
      At line 117 in file cpu\src\startup_armcc_ARMCM0.s
      At line 118 in file cpu\src\startup_armcc_ARMCM0.s
      At line 119 in file cpu\src\startup_armcc_ARMCM0.s
      At line 120 in file cpu\src\startup_armcc_ARMCM0.s
      At line 121 in file cpu\src\startup_armcc_ARMCM0.s
      At line 179 in file cpu\src\startup_armcc_ARMCM0.s

HardFault_Handler 0000000A

Symbol: HardFault_Handler
   Definitions
      At line 159 in file cpu\src\startup_armcc_ARMCM0.s
   Uses
      At line 79 in file cpu\src\startup_armcc_ARMCM0.s
      At line 160 in file cpu\src\startup_armcc_ARMCM0.s

NMI_Handler 00000008

Symbol: NMI_Handler
   Definitions
      At line 154 in file cpu\src\startup_armcc_ARMCM0.s
   Uses



ARM Macro Assembler    Page 2 Alphabetic symbol ordering
Relocatable symbols

      At line 78 in file cpu\src\startup_armcc_ARMCM0.s
      At line 155 in file cpu\src\startup_armcc_ARMCM0.s

PendSV_Handler 0000000E

Symbol: PendSV_Handler
   Definitions
      At line 167 in file cpu\src\startup_armcc_ARMCM0.s
   Uses
      At line 90 in file cpu\src\startup_armcc_ARMCM0.s
      At line 168 in file cpu\src\startup_armcc_ARMCM0.s

Reset_Handler 00000000

Symbol: Reset_Handler
   Definitions
      At line 132 in file cpu\src\startup_armcc_ARMCM0.s
   Uses
      At line 77 in file cpu\src\startup_armcc_ARMCM0.s
      At line 133 in file cpu\src\startup_armcc_ARMCM0.s

SVC_Handler 0000000C

Symbol: SVC_Handler
   Definitions
      At line 163 in file cpu\src\startup_armcc_ARMCM0.s
   Uses
      At line 87 in file cpu\src\startup_armcc_ARMCM0.s
      At line 164 in file cpu\src\startup_armcc_ARMCM0.s

SysTick_Handler 00000010

Symbol: SysTick_Handler
   Definitions
      At line 171 in file cpu\src\startup_armcc_ARMCM0.s
   Uses
      At line 91 in file cpu\src\startup_armcc_ARMCM0.s
      At line 172 in file cpu\src\startup_armcc_ARMCM0.s

__user_initial_stackheap 00000014

Symbol: __user_initial_stackheap
   Definitions
      At line 200 in file cpu\src\startup_armcc_ARMCM0.s
   Uses
      At line 198 in file cpu\src\startup_armcc_ARMCM0.s
Comment: __user_initial_stackheap used once
9 symbols



ARM Macro Assembler    Page 1 Alphabetic symbol ordering
Absolute symbols

Heap_Size 00002000

Symbol: Heap_Size
   Definitions
      At line 57 in file cpu\src\startup_armcc_ARMCM0.s
   Uses
      At line 61 in file cpu\src\startup_armcc_ARMCM0.s
      At line 203 in file cpu\src\startup_armcc_ARMCM0.s

Stack_Size 00001000

Symbol: Stack_Size
   Definitions
      At line 46 in file cpu\src\startup_armcc_ARMCM0.s
   Uses
      At line 49 in file cpu\src\startup_armcc_ARMCM0.s
      At line 202 in file cpu\src\startup_armcc_ARMCM0.s

__Vectors_Size 000000B0

Symbol: __Vectors_Size
   Definitions
      At line 125 in file cpu\src\startup_armcc_ARMCM0.s
   Uses
      At line 74 in file cpu\src\startup_armcc_ARMCM0.s
Comment: __Vectors_Size used once
3 symbols



ARM Macro Assembler    Page 1 Alphabetic symbol ordering
External symbols

SystemInit 00000000

Symbol: SystemInit
   Definitions
      At line 134 in file cpu\src\startup_armcc_ARMCM0.s
   Uses
      At line 145 in file cpu\src\startup_armcc_ARMCM0.s
Comment: SystemInit used once
__main 00000000

Symbol: __main
   Definitions
      At line 135 in file cpu\src\startup_armcc_ARMCM0.s
   Uses
      At line 147 in file cpu\src\startup_armcc_ARMCM0.s
Comment: __main used once
__use_two_region_memory 00000000

Symbol: __use_two_region_memory
   Definitions
      At line 197 in file cpu\src\startup_armcc_ARMCM0.s
   Uses
      None
Comment: __use_two_region_memory unused
clock_init 00000000

Symbol: clock_init
   Definitions
      At line 136 in file cpu\src\startup_armcc_ARMCM0.s
   Uses
      None
Comment: clock_init unused
external_isr_init 00000000

Symbol: external_isr_init
   Definitions
      At line 138 in file cpu\src\startup_armcc_ARMCM0.s
   Uses
      None
Comment: external_isr_init unused
padmux_init 00000000

Symbol: padmux_init
   Definitions
      At line 137 in file cpu\src\startup_armcc_ARMCM0.s
   Uses
      None
Comment: padmux_init unused
6 symbols
365 symbols in table
